# JRE version: OpenJDK Runtime Environment Temurin-17.0.7+7 (17.0.7+7) (build 17.0.7+7)
# Java VM: OpenJDK 64-Bit Server VM Temurin-17.0.7+7 (17.0.7+7, mixed mode, tiered, compressed oops, compressed class ptrs, g1 gc, windows-amd64)
GC Precious Log:
 CPUs: 12 total, 12 available
 Memory: 8013M
 Large Page Support: Disabled
 NUMA Support: Disabled
 Compressed Oops: Enabled (32-bit)
 Heap Region Size: 1M
 Heap Min Capacity: 8M
 Heap Initial Capacity: 126M
 Heap Max Capacity: 2004M
 Pre-touch: Disabled
 Parallel Workers: 10
 Concurrent Workers: 3
 Concurrent Refinement Workers: 10
 Periodic GC: Disabled
Heap:
 garbage-first heap   total 65536K, used 37796K [0x0000000082c00000, 0x0000000100000000)
  region size 1024K, 20 young (20480K), 3 survivors (3072K)
 Metaspace       used 53290K, committed 53760K, reserved 1114112K
  class space    used 6904K, committed 7104K, reserved 1048576K
GC Heap History (20 events):
Event: 0.560 GC heap before
{Heap before GC invocations=0 (full 0):
 garbage-first heap   total 129024K, used 23552K [0x0000000082c00000, 0x0000000100000000)
  region size 1024K, 23 young (23552K), 0 survivors (0K)
 Metaspace       used 12799K, committed 12992K, reserved 1114112K
  class space    used 1414K, committed 1472K, reserved 1048576K
}
Event: 0.566 GC heap after
{Heap after GC invocations=1 (full 0):
 garbage-first heap   total 129024K, used 7359K [0x0000000082c00000, 0x0000000100000000)
  region size 1024K, 3 young (3072K), 3 survivors (3072K)
 Metaspace       used 12799K, committed 12992K, reserved 1114112K
  class space    used 1414K, committed 1472K, reserved 1048576K
}
Event: 0.898 GC heap before
{Heap before GC invocations=1 (full 0):
 garbage-first heap   total 129024K, used 36031K [0x0000000082c00000, 0x0000000100000000)
  region size 1024K, 31 young (31744K), 3 survivors (3072K)
 Metaspace       used 20002K, committed 20160K, reserved 1114112K
  class space    used 2473K, committed 2560K, reserved 1048576K
}
Event: 0.903 GC heap after
{Heap after GC invocations=2 (full 0):
 garbage-first heap   total 129024K, used 9546K [0x0000000082c00000, 0x0000000100000000)
  region size 1024K, 2 young (2048K), 2 survivors (2048K)
 Metaspace       used 20002K, committed 20160K, reserved 1114112K
  class space    used 2473K, committed 2560K, reserved 1048576K
}
Event: 0.939 GC heap before
{Heap before GC invocations=2 (full 0):
 garbage-first heap   total 129024K, used 13642K [0x0000000082c00000, 0x0000000100000000)
  region size 1024K, 7 young (7168K), 2 survivors (2048K)
 Metaspace       used 21306K, committed 21504K, reserved 1114112K
  class space    used 2623K, committed 2752K, reserved 1048576K
}
Event: 0.941 GC heap after
{Heap after GC invocations=3 (full 0):
 garbage-first heap   total 129024K, used 9827K [0x0000000082c00000, 0x0000000100000000)
  region size 1024K, 3 young (3072K), 3 survivors (3072K)
 Metaspace       used 21306K, committed 21504K, reserved 1114112K
  class space    used 2623K, committed 2752K, reserved 1048576K
}
Event: 1.180 GC heap before
{Heap before GC invocations=4 (full 0):
 garbage-first heap   total 45056K, used 32355K [0x0000000082c00000, 0x0000000100000000)
  region size 1024K, 26 young (26624K), 3 survivors (3072K)
 Metaspace       used 26279K, committed 26496K, reserved 1114112K
  class space    used 3225K, committed 3328K, reserved 1048576K
}
Event: 1.184 GC heap after
{Heap after GC invocations=5 (full 0):
 garbage-first heap   total 45056K, used 11866K [0x0000000082c00000, 0x0000000100000000)
  region size 1024K, 5 young (5120K), 5 survivors (5120K)
 Metaspace       used 26279K, committed 26496K, reserved 1114112K
  class space    used 3225K, committed 3328K, reserved 1048576K
}
Event: 1.406 GC heap before
{Heap before GC invocations=5 (full 0):
 garbage-first heap   total 45056K, used 30298K [0x0000000082c00000, 0x0000000100000000)
  region size 1024K, 23 young (23552K), 5 survivors (5120K)
 Metaspace       used 27955K, committed 28224K, reserved 1114112K
  class space    used 3429K, committed 3584K, reserved 1048576K
}
Event: 1.413 GC heap after
{Heap after GC invocations=6 (full 0):
 garbage-first heap   total 54272K, used 13331K [0x0000000082c00000, 0x0000000100000000)
  region size 1024K, 2 young (2048K), 2 survivors (2048K)
 Metaspace       used 27955K, committed 28224K, reserved 1114112K
  class space    used 3429K, committed 3584K, reserved 1048576K
}
Event: 1.859 GC heap before
{Heap before GC invocations=6 (full 0):
 garbage-first heap   total 54272K, used 36883K [0x0000000082c00000, 0x0000000100000000)
  region size 1024K, 25 young (25600K), 2 survivors (2048K)
 Metaspace       used 31711K, committed 32000K, reserved 1114112K
  class space    used 3927K, committed 4032K, reserved 1048576K
}
Event: 1.866 GC heap after
{Heap after GC invocations=7 (full 0):
 garbage-first heap   total 54272K, used 14785K [0x0000000082c00000, 0x0000000100000000)
  region size 1024K, 4 young (4096K), 4 survivors (4096K)
 Metaspace       used 31711K, committed 32000K, reserved 1114112K
  class space    used 3927K, committed 4032K, reserved 1048576K
}
Event: 2.280 GC heap before
{Heap before GC invocations=7 (full 0):
 garbage-first heap   total 54272K, used 38337K [0x0000000082c00000, 0x0000000100000000)
  region size 1024K, 27 young (27648K), 4 survivors (4096K)
 Metaspace       used 35691K, committed 36096K, reserved 1114112K
  class space    used 4525K, committed 4736K, reserved 1048576K
}
Event: 2.289 GC heap after
{Heap after GC invocations=8 (full 0):
 garbage-first heap   total 54272K, used 16907K [0x0000000082c00000, 0x0000000100000000)
  region size 1024K, 4 young (4096K), 4 survivors (4096K)
 Metaspace       used 35691K, committed 36096K, reserved 1114112K
  class space    used 4525K, committed 4736K, reserved 1048576K
}
Event: 2.292 GC heap before
{Heap before GC invocations=8 (full 0):
 garbage-first heap   total 54272K, used 16907K [0x0000000082c00000, 0x0000000100000000)
  region size 1024K, 5 young (5120K), 4 survivors (4096K)
 Metaspace       used 35752K, committed 36096K, reserved 1114112K
  class space    used 4537K, committed 4736K, reserved 1048576K
}
Event: 2.298 GC heap after
{Heap after GC invocations=9 (full 0):
 garbage-first heap   total 54272K, used 17573K [0x0000000082c00000, 0x0000000100000000)
  region size 1024K, 1 young (1024K), 1 survivors (1024K)
 Metaspace       used 35752K, committed 36096K, reserved 1114112K
  class space    used 4537K, committed 4736K, reserved 1048576K
}
Event: 2.840 GC heap before
{Heap before GC invocations=10 (full 0):
 garbage-first heap   total 54272K, used 39077K [0x0000000082c00000, 0x0000000100000000)
  region size 1024K, 22 young (22528K), 1 survivors (1024K)
 Metaspace       used 39685K, committed 40064K, reserved 1114112K
  class space    used 5044K, committed 5248K, reserved 1048576K
}
Event: 2.845 GC heap after
{Heap after GC invocations=11 (full 0):
 garbage-first heap   total 65536K, used 19078K [0x0000000082c00000, 0x0000000100000000)
  region size 1024K, 3 young (3072K), 3 survivors (3072K)
 Metaspace       used 39685K, committed 40064K, reserved 1114112K
  class space    used 5044K, committed 5248K, reserved 1048576K
}
Event: 3.399 GC heap before
{Heap before GC invocations=11 (full 0):
 garbage-first heap   total 65536K, used 47750K [0x0000000082c00000, 0x0000000100000000)
  region size 1024K, 31 young (31744K), 3 survivors (3072K)
 Metaspace       used 47711K, committed 48128K, reserved 1114112K
  class space    used 6128K, committed 6336K, reserved 1048576K
}
Event: 3.408 GC heap after
{Heap after GC invocations=12 (full 0):
 garbage-first heap   total 65536K, used 21412K [0x0000000082c00000, 0x0000000100000000)
  region size 1024K, 3 young (3072K), 3 survivors (3072K)
 Metaspace       used 47711K, committed 48128K, reserved 1114112K
  class space    used 6128K, committed 6336K, reserved 1048576K
}

