# JRE version: OpenJDK Runtime Environment Temurin-17.0.7+7 (17.0.7+7) (build 17.0.7+7)
# Java VM: OpenJDK 64-Bit Server VM Temurin-17.0.7+7 (17.0.7+7, mixed mode, tiered, compressed oops, compressed class ptrs, g1 gc, windows-amd64)
GC Precious Log:
 CPUs: 12 total, 12 available
 Memory: 8013M
 Large Page Support: Disabled
 NUMA Support: Disabled
 Compressed Oops: Enabled (32-bit)
 Heap Region Size: 1M
 Heap Min Capacity: 8M
 Heap Initial Capacity: 126M
 Heap Max Capacity: 2004M
 Pre-touch: Disabled
 Parallel Workers: 10
 Concurrent Workers: 3
 Concurrent Refinement Workers: 10
 Periodic GC: Disabled
Heap:
 garbage-first heap   total 99328K, used 44840K [0x0000000082c00000, 0x0000000100000000)
  region size 1024K, 12 young (12288K), 6 survivors (6144K)
 Metaspace       used 86566K, committed 87168K, reserved 1179648K
  class space    used 11674K, committed 11968K, reserved 1048576K
GC Heap History (20 events):
Event: 3.953 GC heap before
{Heap before GC invocations=8 (full 0):
 garbage-first heap   total 81920K, used 23829K [0x0000000082c00000, 0x0000000100000000)
  region size 1024K, 12 young (12288K), 5 survivors (5120K)
 Metaspace       used 35674K, committed 35968K, reserved 1114112K
  class space    used 4411K, committed 4544K, reserved 1048576K
}
Event: 3.963 GC heap after
{Heap after GC invocations=9 (full 0):
 garbage-first heap   total 81920K, used 18208K [0x0000000082c00000, 0x0000000100000000)
  region size 1024K, 4 young (4096K), 4 survivors (4096K)
 Metaspace       used 35674K, committed 35968K, reserved 1114112K
  class space    used 4411K, committed 4544K, reserved 1048576K
}
Event: 5.037 GC heap before
{Heap before GC invocations=10 (full 0):
 garbage-first heap   total 68608K, used 55072K [0x0000000082c00000, 0x0000000100000000)
  region size 1024K, 40 young (40960K), 4 survivors (4096K)
 Metaspace       used 40711K, committed 41088K, reserved 1114112K
  class space    used 5184K, committed 5376K, reserved 1048576K
}
Event: 5.051 GC heap after
{Heap after GC invocations=11 (full 0):
 garbage-first heap   total 68608K, used 21236K [0x0000000082c00000, 0x0000000100000000)
  region size 1024K, 4 young (4096K), 4 survivors (4096K)
 Metaspace       used 40711K, committed 41088K, reserved 1114112K
  class space    used 5184K, committed 5376K, reserved 1048576K
}
Event: 5.074 GC heap before
{Heap before GC invocations=11 (full 0):
 garbage-first heap   total 68608K, used 21236K [0x0000000082c00000, 0x0000000100000000)
  region size 1024K, 5 young (5120K), 4 survivors (4096K)
 Metaspace       used 40739K, committed 41152K, reserved 1114112K
  class space    used 5186K, committed 5376K, reserved 1048576K
}
Event: 5.083 GC heap after
{Heap after GC invocations=12 (full 0):
 garbage-first heap   total 68608K, used 21875K [0x0000000082c00000, 0x0000000100000000)
  region size 1024K, 1 young (1024K), 1 survivors (1024K)
 Metaspace       used 40739K, committed 41152K, reserved 1114112K
  class space    used 5186K, committed 5376K, reserved 1048576K
}
Event: 5.791 GC heap before
{Heap before GC invocations=12 (full 0):
 garbage-first heap   total 68608K, used 49523K [0x0000000082c00000, 0x0000000100000000)
  region size 1024K, 29 young (29696K), 1 survivors (1024K)
 Metaspace       used 44233K, committed 44672K, reserved 1114112K
  class space    used 5656K, committed 5888K, reserved 1048576K
}
Event: 5.801 GC heap after
{Heap after GC invocations=13 (full 0):
 garbage-first heap   total 137216K, used 23309K [0x0000000082c00000, 0x0000000100000000)
  region size 1024K, 3 young (3072K), 3 survivors (3072K)
 Metaspace       used 44233K, committed 44672K, reserved 1114112K
  class space    used 5656K, committed 5888K, reserved 1048576K
}
Event: 7.498 GC heap before
{Heap before GC invocations=13 (full 0):
 garbage-first heap   total 137216K, used 78605K [0x0000000082c00000, 0x0000000100000000)
  region size 1024K, 58 young (59392K), 3 survivors (3072K)
 Metaspace       used 59748K, committed 60160K, reserved 1114112K
  class space    used 7735K, committed 7936K, reserved 1048576K
}
Event: 7.511 GC heap after
{Heap after GC invocations=14 (full 0):
 garbage-first heap   total 137216K, used 27549K [0x0000000082c00000, 0x0000000100000000)
  region size 1024K, 7 young (7168K), 7 survivors (7168K)
 Metaspace       used 59748K, committed 60160K, reserved 1114112K
  class space    used 7735K, committed 7936K, reserved 1048576K
}
Event: 9.704 GC heap before
{Heap before GC invocations=15 (full 0):
 garbage-first heap   total 99328K, used 79773K [0x0000000082c00000, 0x0000000100000000)
  region size 1024K, 58 young (59392K), 7 survivors (7168K)
 Metaspace       used 70607K, committed 71104K, reserved 1114112K
  class space    used 9359K, committed 9600K, reserved 1048576K
}
Event: 9.719 GC heap after
{Heap after GC invocations=16 (full 0):
 garbage-first heap   total 99328K, used 29844K [0x0000000082c00000, 0x0000000100000000)
  region size 1024K, 3 young (3072K), 3 survivors (3072K)
 Metaspace       used 70607K, committed 71104K, reserved 1114112K
  class space    used 9359K, committed 9600K, reserved 1048576K
}
Event: 10.643 GC heap before
{Heap before GC invocations=16 (full 0):
 garbage-first heap   total 99328K, used 76948K [0x0000000082c00000, 0x0000000100000000)
  region size 1024K, 49 young (50176K), 3 survivors (3072K)
 Metaspace       used 75388K, committed 75840K, reserved 1179648K
  class space    used 10125K, committed 10368K, reserved 1048576K
}
Event: 10.659 GC heap after
{Heap after GC invocations=17 (full 0):
 garbage-first heap   total 99328K, used 33006K [0x0000000082c00000, 0x0000000100000000)
  region size 1024K, 6 young (6144K), 6 survivors (6144K)
 Metaspace       used 75388K, committed 75840K, reserved 1179648K
  class space    used 10125K, committed 10368K, reserved 1048576K
}
Event: 11.235 GC heap before
{Heap before GC invocations=17 (full 0):
 garbage-first heap   total 99328K, used 77038K [0x0000000082c00000, 0x0000000100000000)
  region size 1024K, 49 young (50176K), 6 survivors (6144K)
 Metaspace       used 77219K, committed 77760K, reserved 1179648K
  class space    used 10393K, committed 10624K, reserved 1048576K
}
Event: 11.242 GC heap after
{Heap after GC invocations=18 (full 0):
 garbage-first heap   total 99328K, used 34058K [0x0000000082c00000, 0x0000000100000000)
  region size 1024K, 5 young (5120K), 5 survivors (5120K)
 Metaspace       used 77219K, committed 77760K, reserved 1179648K
  class space    used 10393K, committed 10624K, reserved 1048576K
}
Event: 12.235 GC heap before
{Heap before GC invocations=18 (full 0):
 garbage-first heap   total 99328K, used 78090K [0x0000000082c00000, 0x0000000100000000)
  region size 1024K, 48 young (49152K), 5 survivors (5120K)
 Metaspace       used 81127K, committed 81600K, reserved 1179648K
  class space    used 10908K, committed 11136K, reserved 1048576K
}
Event: 12.242 GC heap after
{Heap after GC invocations=19 (full 0):
 garbage-first heap   total 99328K, used 36847K [0x0000000082c00000, 0x0000000100000000)
  region size 1024K, 5 young (5120K), 5 survivors (5120K)
 Metaspace       used 81127K, committed 81600K, reserved 1179648K
  class space    used 10908K, committed 11136K, reserved 1048576K
}
Event: 14.161 GC heap before
{Heap before GC invocations=19 (full 0):
 garbage-first heap   total 99328K, used 79855K [0x0000000082c00000, 0x0000000100000000)
  region size 1024K, 47 young (48128K), 5 survivors (5120K)
 Metaspace       used 85466K, committed 86016K, reserved 1179648K
  class space    used 11528K, committed 11776K, reserved 1048576K
}
Event: 14.170 GC heap after
{Heap after GC invocations=20 (full 0):
 garbage-first heap   total 99328K, used 39720K [0x0000000082c00000, 0x0000000100000000)
  region size 1024K, 6 young (6144K), 6 survivors (6144K)
 Metaspace       used 85466K, committed 86016K, reserved 1179648K
  class space    used 11528K, committed 11776K, reserved 1048576K
}

