# JRE version: OpenJDK Runtime Environment Temurin-17.0.7+7 (17.0.7+7) (build 17.0.7+7)
# Java VM: OpenJDK 64-Bit Server VM Temurin-17.0.7+7 (17.0.7+7, mixed mode, emulated-client, tiered, compressed oops, compressed class ptrs, g1 gc, windows-amd64)
GC Precious Log:
 CPUs: 12 total, 12 available
 Memory: 8013M
 Large Page Support: Disabled
 NUMA Support: Disabled
 Compressed Oops: Enabled (32-bit)
 Heap Region Size: 1M
 Heap Min Capacity: 8M
 Heap Initial Capacity: 126M
 Heap Max Capacity: 1G
 Pre-touch: Disabled
 Parallel Workers: 10
 Concurrent Workers: 3
 Concurrent Refinement Workers: 10
 Periodic GC: Disabled
Heap:
 garbage-first heap   total 283648K, used 83247K [0x00000000c0000000, 0x0000000100000000)
  region size 1024K, 1 young (1024K), 0 survivors (0K)
 Metaspace       used 75153K, committed 76032K, reserved 1179648K
  class space    used 10287K, committed 10624K, reserved 1048576K
GC Heap History (20 events):
Event: 6742.334 GC heap before
{Heap before GC invocations=680 (full 599):
 garbage-first heap   total 283648K, used 83247K [0x00000000c0000000, 0x0000000100000000)
  region size 1024K, 1 young (1024K), 0 survivors (0K)
 Metaspace       used 75153K, committed 76032K, reserved 1179648K
  class space    used 10287K, committed 10624K, reserved 1048576K
}
Event: 6742.373 GC heap after
{Heap after GC invocations=681 (full 600):
 garbage-first heap   total 283648K, used 83247K [0x00000000c0000000, 0x0000000100000000)
  region size 1024K, 0 young (0K), 0 survivors (0K)
 Metaspace       used 75153K, committed 76032K, reserved 1179648K
  class space    used 10287K, committed 10624K, reserved 1048576K
}
Event: 6752.479 GC heap before
{Heap before GC invocations=681 (full 600):
 garbage-first heap   total 283648K, used 83247K [0x00000000c0000000, 0x0000000100000000)
  region size 1024K, 1 young (1024K), 0 survivors (0K)
 Metaspace       used 75153K, committed 76032K, reserved 1179648K
  class space    used 10287K, committed 10624K, reserved 1048576K
}
Event: 6752.514 GC heap after
{Heap after GC invocations=682 (full 601):
 garbage-first heap   total 283648K, used 83247K [0x00000000c0000000, 0x0000000100000000)
  region size 1024K, 0 young (0K), 0 survivors (0K)
 Metaspace       used 75153K, committed 76032K, reserved 1179648K
  class space    used 10287K, committed 10624K, reserved 1048576K
}
Event: 6762.648 GC heap before
{Heap before GC invocations=682 (full 601):
 garbage-first heap   total 283648K, used 83247K [0x00000000c0000000, 0x0000000100000000)
  region size 1024K, 1 young (1024K), 0 survivors (0K)
 Metaspace       used 75153K, committed 76032K, reserved 1179648K
  class space    used 10287K, committed 10624K, reserved 1048576K
}
Event: 6762.681 GC heap after
{Heap after GC invocations=683 (full 602):
 garbage-first heap   total 283648K, used 83247K [0x00000000c0000000, 0x0000000100000000)
  region size 1024K, 0 young (0K), 0 survivors (0K)
 Metaspace       used 75153K, committed 76032K, reserved 1179648K
  class space    used 10287K, committed 10624K, reserved 1048576K
}
Event: 6772.786 GC heap before
{Heap before GC invocations=683 (full 602):
 garbage-first heap   total 283648K, used 83247K [0x00000000c0000000, 0x0000000100000000)
  region size 1024K, 1 young (1024K), 0 survivors (0K)
 Metaspace       used 75153K, committed 76032K, reserved 1179648K
  class space    used 10287K, committed 10624K, reserved 1048576K
}
Event: 6772.823 GC heap after
{Heap after GC invocations=684 (full 603):
 garbage-first heap   total 283648K, used 83247K [0x00000000c0000000, 0x0000000100000000)
  region size 1024K, 0 young (0K), 0 survivors (0K)
 Metaspace       used 75153K, committed 76032K, reserved 1179648K
  class space    used 10287K, committed 10624K, reserved 1048576K
}
Event: 6782.938 GC heap before
{Heap before GC invocations=684 (full 603):
 garbage-first heap   total 283648K, used 83247K [0x00000000c0000000, 0x0000000100000000)
  region size 1024K, 1 young (1024K), 0 survivors (0K)
 Metaspace       used 75153K, committed 76032K, reserved 1179648K
  class space    used 10287K, committed 10624K, reserved 1048576K
}
Event: 6782.969 GC heap after
{Heap after GC invocations=685 (full 604):
 garbage-first heap   total 283648K, used 83247K [0x00000000c0000000, 0x0000000100000000)
  region size 1024K, 0 young (0K), 0 survivors (0K)
 Metaspace       used 75153K, committed 76032K, reserved 1179648K
  class space    used 10287K, committed 10624K, reserved 1048576K
}
Event: 6793.098 GC heap before
{Heap before GC invocations=685 (full 604):
 garbage-first heap   total 283648K, used 83247K [0x00000000c0000000, 0x0000000100000000)
  region size 1024K, 1 young (1024K), 0 survivors (0K)
 Metaspace       used 75153K, committed 76032K, reserved 1179648K
  class space    used 10287K, committed 10624K, reserved 1048576K
}
Event: 6793.134 GC heap after
{Heap after GC invocations=686 (full 605):
 garbage-first heap   total 283648K, used 83247K [0x00000000c0000000, 0x0000000100000000)
  region size 1024K, 0 young (0K), 0 survivors (0K)
 Metaspace       used 75153K, committed 76032K, reserved 1179648K
  class space    used 10287K, committed 10624K, reserved 1048576K
}
Event: 6803.265 GC heap before
{Heap before GC invocations=686 (full 605):
 garbage-first heap   total 283648K, used 83247K [0x00000000c0000000, 0x0000000100000000)
  region size 1024K, 1 young (1024K), 0 survivors (0K)
 Metaspace       used 75153K, committed 76032K, reserved 1179648K
  class space    used 10287K, committed 10624K, reserved 1048576K
}
Event: 6803.298 GC heap after
{Heap after GC invocations=687 (full 606):
 garbage-first heap   total 283648K, used 83247K [0x00000000c0000000, 0x0000000100000000)
  region size 1024K, 0 young (0K), 0 survivors (0K)
 Metaspace       used 75153K, committed 76032K, reserved 1179648K
  class space    used 10287K, committed 10624K, reserved 1048576K
}
Event: 6813.409 GC heap before
{Heap before GC invocations=687 (full 606):
 garbage-first heap   total 283648K, used 83247K [0x00000000c0000000, 0x0000000100000000)
  region size 1024K, 1 young (1024K), 0 survivors (0K)
 Metaspace       used 75153K, committed 76032K, reserved 1179648K
  class space    used 10287K, committed 10624K, reserved 1048576K
}
Event: 6813.445 GC heap after
{Heap after GC invocations=688 (full 607):
 garbage-first heap   total 283648K, used 83247K [0x00000000c0000000, 0x0000000100000000)
  region size 1024K, 0 young (0K), 0 survivors (0K)
 Metaspace       used 75153K, committed 76032K, reserved 1179648K
  class space    used 10287K, committed 10624K, reserved 1048576K
}
Event: 6823.597 GC heap before
{Heap before GC invocations=688 (full 607):
 garbage-first heap   total 283648K, used 83247K [0x00000000c0000000, 0x0000000100000000)
  region size 1024K, 1 young (1024K), 0 survivors (0K)
 Metaspace       used 75153K, committed 76032K, reserved 1179648K
  class space    used 10287K, committed 10624K, reserved 1048576K
}
Event: 6823.636 GC heap after
{Heap after GC invocations=689 (full 608):
 garbage-first heap   total 283648K, used 83247K [0x00000000c0000000, 0x0000000100000000)
  region size 1024K, 0 young (0K), 0 survivors (0K)
 Metaspace       used 75153K, committed 76032K, reserved 1179648K
  class space    used 10287K, committed 10624K, reserved 1048576K
}
Event: 6833.734 GC heap before
{Heap before GC invocations=689 (full 608):
 garbage-first heap   total 283648K, used 83247K [0x00000000c0000000, 0x0000000100000000)
  region size 1024K, 1 young (1024K), 0 survivors (0K)
 Metaspace       used 75153K, committed 76032K, reserved 1179648K
  class space    used 10287K, committed 10624K, reserved 1048576K
}
Event: 6833.804 GC heap after
{Heap after GC invocations=690 (full 609):
 garbage-first heap   total 283648K, used 83247K [0x00000000c0000000, 0x0000000100000000)
  region size 1024K, 0 young (0K), 0 survivors (0K)
 Metaspace       used 75153K, committed 76032K, reserved 1179648K
  class space    used 10287K, committed 10624K, reserved 1048576K
}

