# JRE version: OpenJDK Runtime Environment Temurin-17.0.7+7 (17.0.7+7) (build 17.0.7+7)
# Java VM: OpenJDK 64-Bit Server VM Temurin-17.0.7+7 (17.0.7+7, mixed mode, emulated-client, tiered, compressed oops, compressed class ptrs, g1 gc, windows-amd64)
GC Precious Log:
 CPUs: 12 total, 12 available
 Memory: 8013M
 Large Page Support: Disabled
 NUMA Support: Disabled
 Compressed Oops: Enabled (32-bit)
 Heap Region Size: 1M
 Heap Min Capacity: 8M
 Heap Initial Capacity: 126M
 Heap Max Capacity: 1G
 Pre-touch: Disabled
 Parallel Workers: 10
 Concurrent Workers: 3
 Concurrent Refinement Workers: 10
 Periodic GC: Disabled
Heap:
 garbage-first heap   total 293888K, used 87228K [0x00000000c0000000, 0x0000000100000000)
  region size 1024K, 1 young (1024K), 0 survivors (0K)
 Metaspace       used 76947K, committed 77568K, reserved 1179648K
  class space    used 10606K, committed 10880K, reserved 1048576K
GC Heap History (20 events):
Event: 21713.148 GC heap before
{Heap before GC invocations=2474 (full 2040):
 garbage-first heap   total 293888K, used 87228K [0x00000000c0000000, 0x0000000100000000)
  region size 1024K, 1 young (1024K), 0 survivors (0K)
 Metaspace       used 76947K, committed 77568K, reserved 1179648K
  class space    used 10606K, committed 10880K, reserved 1048576K
}
Event: 21713.187 GC heap after
{Heap after GC invocations=2475 (full 2041):
 garbage-first heap   total 293888K, used 87228K [0x00000000c0000000, 0x0000000100000000)
  region size 1024K, 0 young (0K), 0 survivors (0K)
 Metaspace       used 76947K, committed 77568K, reserved 1179648K
  class space    used 10606K, committed 10880K, reserved 1048576K
}
Event: 21723.273 GC heap before
{Heap before GC invocations=2475 (full 2041):
 garbage-first heap   total 293888K, used 87228K [0x00000000c0000000, 0x0000000100000000)
  region size 1024K, 1 young (1024K), 0 survivors (0K)
 Metaspace       used 76947K, committed 77568K, reserved 1179648K
  class space    used 10606K, committed 10880K, reserved 1048576K
}
Event: 21723.311 GC heap after
{Heap after GC invocations=2476 (full 2042):
 garbage-first heap   total 293888K, used 87228K [0x00000000c0000000, 0x0000000100000000)
  region size 1024K, 0 young (0K), 0 survivors (0K)
 Metaspace       used 76947K, committed 77568K, reserved 1179648K
  class space    used 10606K, committed 10880K, reserved 1048576K
}
Event: 21733.399 GC heap before
{Heap before GC invocations=2476 (full 2042):
 garbage-first heap   total 293888K, used 87228K [0x00000000c0000000, 0x0000000100000000)
  region size 1024K, 1 young (1024K), 0 survivors (0K)
 Metaspace       used 76947K, committed 77568K, reserved 1179648K
  class space    used 10606K, committed 10880K, reserved 1048576K
}
Event: 21733.437 GC heap after
{Heap after GC invocations=2477 (full 2043):
 garbage-first heap   total 293888K, used 87228K [0x00000000c0000000, 0x0000000100000000)
  region size 1024K, 0 young (0K), 0 survivors (0K)
 Metaspace       used 76947K, committed 77568K, reserved 1179648K
  class space    used 10606K, committed 10880K, reserved 1048576K
}
Event: 21743.526 GC heap before
{Heap before GC invocations=2477 (full 2043):
 garbage-first heap   total 293888K, used 87228K [0x00000000c0000000, 0x0000000100000000)
  region size 1024K, 1 young (1024K), 0 survivors (0K)
 Metaspace       used 76947K, committed 77568K, reserved 1179648K
  class space    used 10606K, committed 10880K, reserved 1048576K
}
Event: 21743.568 GC heap after
{Heap after GC invocations=2478 (full 2044):
 garbage-first heap   total 293888K, used 87228K [0x00000000c0000000, 0x0000000100000000)
  region size 1024K, 0 young (0K), 0 survivors (0K)
 Metaspace       used 76947K, committed 77568K, reserved 1179648K
  class space    used 10606K, committed 10880K, reserved 1048576K
}
Event: 21753.647 GC heap before
{Heap before GC invocations=2478 (full 2044):
 garbage-first heap   total 293888K, used 87228K [0x00000000c0000000, 0x0000000100000000)
  region size 1024K, 1 young (1024K), 0 survivors (0K)
 Metaspace       used 76947K, committed 77568K, reserved 1179648K
  class space    used 10606K, committed 10880K, reserved 1048576K
}
Event: 21753.688 GC heap after
{Heap after GC invocations=2479 (full 2045):
 garbage-first heap   total 293888K, used 87228K [0x00000000c0000000, 0x0000000100000000)
  region size 1024K, 0 young (0K), 0 survivors (0K)
 Metaspace       used 76947K, committed 77568K, reserved 1179648K
  class space    used 10606K, committed 10880K, reserved 1048576K
}
Event: 21763.775 GC heap before
{Heap before GC invocations=2479 (full 2045):
 garbage-first heap   total 293888K, used 87228K [0x00000000c0000000, 0x0000000100000000)
  region size 1024K, 1 young (1024K), 0 survivors (0K)
 Metaspace       used 76947K, committed 77568K, reserved 1179648K
  class space    used 10606K, committed 10880K, reserved 1048576K
}
Event: 21763.815 GC heap after
{Heap after GC invocations=2480 (full 2046):
 garbage-first heap   total 293888K, used 87228K [0x00000000c0000000, 0x0000000100000000)
  region size 1024K, 0 young (0K), 0 survivors (0K)
 Metaspace       used 76947K, committed 77568K, reserved 1179648K
  class space    used 10606K, committed 10880K, reserved 1048576K
}
Event: 21773.899 GC heap before
{Heap before GC invocations=2480 (full 2046):
 garbage-first heap   total 293888K, used 87228K [0x00000000c0000000, 0x0000000100000000)
  region size 1024K, 1 young (1024K), 0 survivors (0K)
 Metaspace       used 76947K, committed 77568K, reserved 1179648K
  class space    used 10606K, committed 10880K, reserved 1048576K
}
Event: 21773.937 GC heap after
{Heap after GC invocations=2481 (full 2047):
 garbage-first heap   total 293888K, used 87228K [0x00000000c0000000, 0x0000000100000000)
  region size 1024K, 0 young (0K), 0 survivors (0K)
 Metaspace       used 76947K, committed 77568K, reserved 1179648K
  class space    used 10606K, committed 10880K, reserved 1048576K
}
Event: 21784.023 GC heap before
{Heap before GC invocations=2481 (full 2047):
 garbage-first heap   total 293888K, used 87228K [0x00000000c0000000, 0x0000000100000000)
  region size 1024K, 1 young (1024K), 0 survivors (0K)
 Metaspace       used 76947K, committed 77568K, reserved 1179648K
  class space    used 10606K, committed 10880K, reserved 1048576K
}
Event: 21784.064 GC heap after
{Heap after GC invocations=2482 (full 2048):
 garbage-first heap   total 293888K, used 87228K [0x00000000c0000000, 0x0000000100000000)
  region size 1024K, 0 young (0K), 0 survivors (0K)
 Metaspace       used 76947K, committed 77568K, reserved 1179648K
  class space    used 10606K, committed 10880K, reserved 1048576K
}
Event: 21794.149 GC heap before
{Heap before GC invocations=2482 (full 2048):
 garbage-first heap   total 293888K, used 87228K [0x00000000c0000000, 0x0000000100000000)
  region size 1024K, 1 young (1024K), 0 survivors (0K)
 Metaspace       used 76947K, committed 77568K, reserved 1179648K
  class space    used 10606K, committed 10880K, reserved 1048576K
}
Event: 21794.187 GC heap after
{Heap after GC invocations=2483 (full 2049):
 garbage-first heap   total 293888K, used 87228K [0x00000000c0000000, 0x0000000100000000)
  region size 1024K, 0 young (0K), 0 survivors (0K)
 Metaspace       used 76947K, committed 77568K, reserved 1179648K
  class space    used 10606K, committed 10880K, reserved 1048576K
}
Event: 21804.339 GC heap before
{Heap before GC invocations=2483 (full 2049):
 garbage-first heap   total 293888K, used 87228K [0x00000000c0000000, 0x0000000100000000)
  region size 1024K, 1 young (1024K), 0 survivors (0K)
 Metaspace       used 76947K, committed 77568K, reserved 1179648K
  class space    used 10606K, committed 10880K, reserved 1048576K
}
Event: 21804.404 GC heap after
{Heap after GC invocations=2484 (full 2050):
 garbage-first heap   total 293888K, used 87228K [0x00000000c0000000, 0x0000000100000000)
  region size 1024K, 0 young (0K), 0 survivors (0K)
 Metaspace       used 76947K, committed 77568K, reserved 1179648K
  class space    used 10606K, committed 10880K, reserved 1048576K
}

