# JRE version: OpenJDK Runtime Environment Temurin-17.0.7+7 (17.0.7+7) (build 17.0.7+7)
# Java VM: OpenJDK 64-Bit Server VM Temurin-17.0.7+7 (17.0.7+7, mixed mode, emulated-client, tiered, compressed oops, compressed class ptrs, g1 gc, windows-amd64)
GC Precious Log:
 CPUs: 12 total, 12 available
 Memory: 8013M
 Large Page Support: Disabled
 NUMA Support: Disabled
 Compressed Oops: Enabled (32-bit)
 Heap Region Size: 1M
 Heap Min Capacity: 8M
 Heap Initial Capacity: 126M
 Heap Max Capacity: 1G
 Pre-touch: Disabled
 Parallel Workers: 10
 Concurrent Workers: 3
 Concurrent Refinement Workers: 10
 Periodic GC: Disabled
Heap:
 garbage-first heap   total 301056K, used 88980K [0x00000000c0000000, 0x0000000100000000)
  region size 1024K, 1 young (1024K), 0 survivors (0K)
 Metaspace       used 78146K, committed 78848K, reserved 1179648K
  class space    used 10777K, committed 11072K, reserved 1048576K
GC Heap History (20 events):
Event: 9487.004 GC heap before
{Heap before GC invocations=2805 (full 554):
 garbage-first heap   total 301056K, used 227061K [0x00000000c0000000, 0x0000000100000000)
  region size 1024K, 135 young (138240K), 0 survivors (0K)
 Metaspace       used 78146K, committed 78848K, reserved 1179648K
  class space    used 10777K, committed 11072K, reserved 1048576K
}
Event: 9487.033 GC heap after
{Heap after GC invocations=2806 (full 554):
 garbage-first heap   total 301056K, used 102946K [0x00000000c0000000, 0x0000000100000000)
  region size 1024K, 14 young (14336K), 14 survivors (14336K)
 Metaspace       used 78146K, committed 78848K, reserved 1179648K
  class space    used 10777K, committed 11072K, reserved 1048576K
}
Event: 9619.358 GC heap before
{Heap before GC invocations=2806 (full 554):
 garbage-first heap   total 301056K, used 231970K [0x00000000c0000000, 0x0000000100000000)
  region size 1024K, 140 young (143360K), 14 survivors (14336K)
 Metaspace       used 78146K, committed 78848K, reserved 1179648K
  class space    used 10777K, committed 11072K, reserved 1048576K
}
Event: 9619.377 GC heap after
{Heap after GC invocations=2807 (full 554):
 garbage-first heap   total 301056K, used 105438K [0x00000000c0000000, 0x0000000100000000)
  region size 1024K, 13 young (13312K), 13 survivors (13312K)
 Metaspace       used 78146K, committed 78848K, reserved 1179648K
  class space    used 10777K, committed 11072K, reserved 1048576K
}
Event: 9680.877 GC heap before
{Heap before GC invocations=2807 (full 554):
 garbage-first heap   total 301056K, used 157662K [0x00000000c0000000, 0x0000000100000000)
  region size 1024K, 65 young (66560K), 13 survivors (13312K)
 Metaspace       used 78146K, committed 78848K, reserved 1179648K
  class space    used 10777K, committed 11072K, reserved 1048576K
}
Event: 9681.006 GC heap after
{Heap after GC invocations=2808 (full 555):
 garbage-first heap   total 301056K, used 89559K [0x00000000c0000000, 0x0000000100000000)
  region size 1024K, 0 young (0K), 0 survivors (0K)
 Metaspace       used 78146K, committed 78848K, reserved 1179648K
  class space    used 10777K, committed 11072K, reserved 1048576K
}
Event: 9691.126 GC heap before
{Heap before GC invocations=2808 (full 555):
 garbage-first heap   total 301056K, used 89559K [0x00000000c0000000, 0x0000000100000000)
  region size 1024K, 1 young (1024K), 0 survivors (0K)
 Metaspace       used 78146K, committed 78848K, reserved 1179648K
  class space    used 10777K, committed 11072K, reserved 1048576K
}
Event: 9691.188 GC heap after
{Heap after GC invocations=2809 (full 556):
 garbage-first heap   total 301056K, used 89559K [0x00000000c0000000, 0x0000000100000000)
  region size 1024K, 0 young (0K), 0 survivors (0K)
 Metaspace       used 78146K, committed 78848K, reserved 1179648K
  class space    used 10777K, committed 11072K, reserved 1048576K
}
Event: 9731.383 GC heap before
{Heap before GC invocations=2809 (full 556):
 garbage-first heap   total 301056K, used 91607K [0x00000000c0000000, 0x0000000100000000)
  region size 1024K, 3 young (3072K), 0 survivors (0K)
 Metaspace       used 78146K, committed 78848K, reserved 1179648K
  class space    used 10777K, committed 11072K, reserved 1048576K
}
Event: 9731.437 GC heap after
{Heap after GC invocations=2810 (full 557):
 garbage-first heap   total 301056K, used 88980K [0x00000000c0000000, 0x0000000100000000)
  region size 1024K, 0 young (0K), 0 survivors (0K)
 Metaspace       used 78146K, committed 78848K, reserved 1179648K
  class space    used 10777K, committed 11072K, reserved 1048576K
}
Event: 9741.536 GC heap before
{Heap before GC invocations=2810 (full 557):
 garbage-first heap   total 301056K, used 88980K [0x00000000c0000000, 0x0000000100000000)
  region size 1024K, 1 young (1024K), 0 survivors (0K)
 Metaspace       used 78146K, committed 78848K, reserved 1179648K
  class space    used 10777K, committed 11072K, reserved 1048576K
}
Event: 9741.586 GC heap after
{Heap after GC invocations=2811 (full 558):
 garbage-first heap   total 301056K, used 88980K [0x00000000c0000000, 0x0000000100000000)
  region size 1024K, 0 young (0K), 0 survivors (0K)
 Metaspace       used 78146K, committed 78848K, reserved 1179648K
  class space    used 10777K, committed 11072K, reserved 1048576K
}
Event: 9751.782 GC heap before
{Heap before GC invocations=2811 (full 558):
 garbage-first heap   total 301056K, used 88980K [0x00000000c0000000, 0x0000000100000000)
  region size 1024K, 1 young (1024K), 0 survivors (0K)
 Metaspace       used 78146K, committed 78848K, reserved 1179648K
  class space    used 10777K, committed 11072K, reserved 1048576K
}
Event: 9751.839 GC heap after
{Heap after GC invocations=2812 (full 559):
 garbage-first heap   total 301056K, used 88980K [0x00000000c0000000, 0x0000000100000000)
  region size 1024K, 0 young (0K), 0 survivors (0K)
 Metaspace       used 78146K, committed 78848K, reserved 1179648K
  class space    used 10777K, committed 11072K, reserved 1048576K
}
Event: 9761.959 GC heap before
{Heap before GC invocations=2812 (full 559):
 garbage-first heap   total 301056K, used 88980K [0x00000000c0000000, 0x0000000100000000)
  region size 1024K, 1 young (1024K), 0 survivors (0K)
 Metaspace       used 78146K, committed 78848K, reserved 1179648K
  class space    used 10777K, committed 11072K, reserved 1048576K
}
Event: 9762.006 GC heap after
{Heap after GC invocations=2813 (full 560):
 garbage-first heap   total 301056K, used 88980K [0x00000000c0000000, 0x0000000100000000)
  region size 1024K, 0 young (0K), 0 survivors (0K)
 Metaspace       used 78146K, committed 78848K, reserved 1179648K
  class space    used 10777K, committed 11072K, reserved 1048576K
}
Event: 9772.109 GC heap before
{Heap before GC invocations=2813 (full 560):
 garbage-first heap   total 301056K, used 88980K [0x00000000c0000000, 0x0000000100000000)
  region size 1024K, 1 young (1024K), 0 survivors (0K)
 Metaspace       used 78146K, committed 78848K, reserved 1179648K
  class space    used 10777K, committed 11072K, reserved 1048576K
}
Event: 9772.158 GC heap after
{Heap after GC invocations=2814 (full 561):
 garbage-first heap   total 301056K, used 88980K [0x00000000c0000000, 0x0000000100000000)
  region size 1024K, 0 young (0K), 0 survivors (0K)
 Metaspace       used 78146K, committed 78848K, reserved 1179648K
  class space    used 10777K, committed 11072K, reserved 1048576K
}
Event: 9782.271 GC heap before
{Heap before GC invocations=2814 (full 561):
 garbage-first heap   total 301056K, used 88980K [0x00000000c0000000, 0x0000000100000000)
  region size 1024K, 1 young (1024K), 0 survivors (0K)
 Metaspace       used 78146K, committed 78848K, reserved 1179648K
  class space    used 10777K, committed 11072K, reserved 1048576K
}
Event: 9782.318 GC heap after
{Heap after GC invocations=2815 (full 562):
 garbage-first heap   total 301056K, used 88980K [0x00000000c0000000, 0x0000000100000000)
  region size 1024K, 0 young (0K), 0 survivors (0K)
 Metaspace       used 78146K, committed 78848K, reserved 1179648K
  class space    used 10777K, committed 11072K, reserved 1048576K
}

