# JRE version: OpenJDK Runtime Environment Temurin-17.0.7+7 (17.0.7+7) (build 17.0.7+7)
# Java VM: OpenJDK 64-Bit Server VM Temurin-17.0.7+7 (17.0.7+7, mixed mode, emulated-client, tiered, compressed oops, compressed class ptrs, g1 gc, windows-amd64)
GC Precious Log:
 CPUs: 12 total, 12 available
 Memory: 8013M
 Large Page Support: Disabled
 NUMA Support: Disabled
 Compressed Oops: Enabled (32-bit)
 Heap Region Size: 1M
 Heap Min Capacity: 8M
 Heap Initial Capacity: 126M
 Heap Max Capacity: 1G
 Pre-touch: Disabled
 Parallel Workers: 10
 Concurrent Workers: 3
 Concurrent Refinement Workers: 10
 Periodic GC: Disabled
Heap:
 garbage-first heap   total 280576K, used 85622K [0x00000000c0000000, 0x0000000100000000)
  region size 1024K, 1 young (1024K), 0 survivors (0K)
 Metaspace       used 75091K, committed 75648K, reserved 1114112K
  class space    used 10281K, committed 10560K, reserved 1048576K
GC Heap History (20 events):
Event: 10537.359 GC heap before
{Heap before GC invocations=756 (full 669):
 garbage-first heap   total 280576K, used 85622K [0x00000000c0000000, 0x0000000100000000)
  region size 1024K, 1 young (1024K), 0 survivors (0K)
 Metaspace       used 75091K, committed 75648K, reserved 1114112K
  class space    used 10281K, committed 10560K, reserved 1048576K
}
Event: 10537.393 GC heap after
{Heap after GC invocations=757 (full 670):
 garbage-first heap   total 280576K, used 85622K [0x00000000c0000000, 0x0000000100000000)
  region size 1024K, 0 young (0K), 0 survivors (0K)
 Metaspace       used 75091K, committed 75648K, reserved 1114112K
  class space    used 10281K, committed 10560K, reserved 1048576K
}
Event: 10547.569 GC heap before
{Heap before GC invocations=757 (full 670):
 garbage-first heap   total 280576K, used 85622K [0x00000000c0000000, 0x0000000100000000)
  region size 1024K, 1 young (1024K), 0 survivors (0K)
 Metaspace       used 75091K, committed 75648K, reserved 1114112K
  class space    used 10281K, committed 10560K, reserved 1048576K
}
Event: 10547.613 GC heap after
{Heap after GC invocations=758 (full 671):
 garbage-first heap   total 280576K, used 85622K [0x00000000c0000000, 0x0000000100000000)
  region size 1024K, 0 young (0K), 0 survivors (0K)
 Metaspace       used 75091K, committed 75648K, reserved 1114112K
  class space    used 10281K, committed 10560K, reserved 1048576K
}
Event: 10557.718 GC heap before
{Heap before GC invocations=758 (full 671):
 garbage-first heap   total 280576K, used 85622K [0x00000000c0000000, 0x0000000100000000)
  region size 1024K, 1 young (1024K), 0 survivors (0K)
 Metaspace       used 75091K, committed 75648K, reserved 1114112K
  class space    used 10281K, committed 10560K, reserved 1048576K
}
Event: 10557.758 GC heap after
{Heap after GC invocations=759 (full 672):
 garbage-first heap   total 280576K, used 85622K [0x00000000c0000000, 0x0000000100000000)
  region size 1024K, 0 young (0K), 0 survivors (0K)
 Metaspace       used 75091K, committed 75648K, reserved 1114112K
  class space    used 10281K, committed 10560K, reserved 1048576K
}
Event: 10567.857 GC heap before
{Heap before GC invocations=759 (full 672):
 garbage-first heap   total 280576K, used 85622K [0x00000000c0000000, 0x0000000100000000)
  region size 1024K, 1 young (1024K), 0 survivors (0K)
 Metaspace       used 75091K, committed 75648K, reserved 1114112K
  class space    used 10281K, committed 10560K, reserved 1048576K
}
Event: 10567.892 GC heap after
{Heap after GC invocations=760 (full 673):
 garbage-first heap   total 280576K, used 85622K [0x00000000c0000000, 0x0000000100000000)
  region size 1024K, 0 young (0K), 0 survivors (0K)
 Metaspace       used 75091K, committed 75648K, reserved 1114112K
  class space    used 10281K, committed 10560K, reserved 1048576K
}
Event: 10577.990 GC heap before
{Heap before GC invocations=760 (full 673):
 garbage-first heap   total 280576K, used 85622K [0x00000000c0000000, 0x0000000100000000)
  region size 1024K, 1 young (1024K), 0 survivors (0K)
 Metaspace       used 75091K, committed 75648K, reserved 1114112K
  class space    used 10281K, committed 10560K, reserved 1048576K
}
Event: 10578.026 GC heap after
{Heap after GC invocations=761 (full 674):
 garbage-first heap   total 280576K, used 85622K [0x00000000c0000000, 0x0000000100000000)
  region size 1024K, 0 young (0K), 0 survivors (0K)
 Metaspace       used 75091K, committed 75648K, reserved 1114112K
  class space    used 10281K, committed 10560K, reserved 1048576K
}
Event: 10588.121 GC heap before
{Heap before GC invocations=761 (full 674):
 garbage-first heap   total 280576K, used 85622K [0x00000000c0000000, 0x0000000100000000)
  region size 1024K, 1 young (1024K), 0 survivors (0K)
 Metaspace       used 75091K, committed 75648K, reserved 1114112K
  class space    used 10281K, committed 10560K, reserved 1048576K
}
Event: 10588.170 GC heap after
{Heap after GC invocations=762 (full 675):
 garbage-first heap   total 280576K, used 85622K [0x00000000c0000000, 0x0000000100000000)
  region size 1024K, 0 young (0K), 0 survivors (0K)
 Metaspace       used 75091K, committed 75648K, reserved 1114112K
  class space    used 10281K, committed 10560K, reserved 1048576K
}
Event: 10598.280 GC heap before
{Heap before GC invocations=762 (full 675):
 garbage-first heap   total 280576K, used 85622K [0x00000000c0000000, 0x0000000100000000)
  region size 1024K, 1 young (1024K), 0 survivors (0K)
 Metaspace       used 75091K, committed 75648K, reserved 1114112K
  class space    used 10281K, committed 10560K, reserved 1048576K
}
Event: 10598.318 GC heap after
{Heap after GC invocations=763 (full 676):
 garbage-first heap   total 280576K, used 85622K [0x00000000c0000000, 0x0000000100000000)
  region size 1024K, 0 young (0K), 0 survivors (0K)
 Metaspace       used 75091K, committed 75648K, reserved 1114112K
  class space    used 10281K, committed 10560K, reserved 1048576K
}
Event: 10608.443 GC heap before
{Heap before GC invocations=763 (full 676):
 garbage-first heap   total 280576K, used 85622K [0x00000000c0000000, 0x0000000100000000)
  region size 1024K, 1 young (1024K), 0 survivors (0K)
 Metaspace       used 75091K, committed 75648K, reserved 1114112K
  class space    used 10281K, committed 10560K, reserved 1048576K
}
Event: 10608.482 GC heap after
{Heap after GC invocations=764 (full 677):
 garbage-first heap   total 280576K, used 85622K [0x00000000c0000000, 0x0000000100000000)
  region size 1024K, 0 young (0K), 0 survivors (0K)
 Metaspace       used 75091K, committed 75648K, reserved 1114112K
  class space    used 10281K, committed 10560K, reserved 1048576K
}
Event: 10618.639 GC heap before
{Heap before GC invocations=764 (full 677):
 garbage-first heap   total 280576K, used 85622K [0x00000000c0000000, 0x0000000100000000)
  region size 1024K, 1 young (1024K), 0 survivors (0K)
 Metaspace       used 75091K, committed 75648K, reserved 1114112K
  class space    used 10281K, committed 10560K, reserved 1048576K
}
Event: 10618.681 GC heap after
{Heap after GC invocations=765 (full 678):
 garbage-first heap   total 280576K, used 85622K [0x00000000c0000000, 0x0000000100000000)
  region size 1024K, 0 young (0K), 0 survivors (0K)
 Metaspace       used 75091K, committed 75648K, reserved 1114112K
  class space    used 10281K, committed 10560K, reserved 1048576K
}
Event: 10628.798 GC heap before
{Heap before GC invocations=765 (full 678):
 garbage-first heap   total 280576K, used 85622K [0x00000000c0000000, 0x0000000100000000)
  region size 1024K, 1 young (1024K), 0 survivors (0K)
 Metaspace       used 75091K, committed 75648K, reserved 1114112K
  class space    used 10281K, committed 10560K, reserved 1048576K
}
Event: 10628.840 GC heap after
{Heap after GC invocations=766 (full 679):
 garbage-first heap   total 280576K, used 85622K [0x00000000c0000000, 0x0000000100000000)
  region size 1024K, 0 young (0K), 0 survivors (0K)
 Metaspace       used 75091K, committed 75648K, reserved 1114112K
  class space    used 10281K, committed 10560K, reserved 1048576K
}

