# JRE version: OpenJDK Runtime Environment Temurin-17.0.7+7 (17.0.7+7) (build 17.0.7+7)
# Java VM: OpenJDK 64-Bit Server VM Temurin-17.0.7+7 (17.0.7+7, mixed mode, emulated-client, tiered, compressed oops, compressed class ptrs, g1 gc, windows-amd64)
GC Precious Log:
 CPUs: 12 total, 12 available
 Memory: 8013M
 Large Page Support: Disabled
 NUMA Support: Disabled
 Compressed Oops: Enabled (32-bit)
 Heap Region Size: 1M
 Heap Min Capacity: 8M
 Heap Initial Capacity: 126M
 Heap Max Capacity: 1G
 Pre-touch: Disabled
 Parallel Workers: 10
 Concurrent Workers: 3
 Concurrent Refinement Workers: 10
 Periodic GC: Disabled
Heap:
 garbage-first heap   total 314368K, used 99247K [0x00000000c0000000, 0x0000000100000000)
  region size 1024K, 1 young (1024K), 0 survivors (0K)
 Metaspace       used 77834K, committed 78528K, reserved 1179648K
  class space    used 10736K, committed 11008K, reserved 1048576K
GC Heap History (20 events):
Event: 26248.819 GC heap before
{Heap before GC invocations=1429 (full 610):
 garbage-first heap   total 314368K, used 99234K [0x00000000c0000000, 0x0000000100000000)
  region size 1024K, 1 young (1024K), 0 survivors (0K)
 Metaspace       used 77824K, committed 78528K, reserved 1179648K
  class space    used 10734K, committed 11008K, reserved 1048576K
}
Event: 26248.877 GC heap after
{Heap after GC invocations=1430 (full 611):
 garbage-first heap   total 314368K, used 99234K [0x00000000c0000000, 0x0000000100000000)
  region size 1024K, 0 young (0K), 0 survivors (0K)
 Metaspace       used 77824K, committed 78528K, reserved 1179648K
  class space    used 10734K, committed 11008K, reserved 1048576K
}
Event: 26258.966 GC heap before
{Heap before GC invocations=1430 (full 611):
 garbage-first heap   total 314368K, used 99234K [0x00000000c0000000, 0x0000000100000000)
  region size 1024K, 1 young (1024K), 0 survivors (0K)
 Metaspace       used 77824K, committed 78528K, reserved 1179648K
  class space    used 10734K, committed 11008K, reserved 1048576K
}
Event: 26259.021 GC heap after
{Heap after GC invocations=1431 (full 612):
 garbage-first heap   total 314368K, used 99234K [0x00000000c0000000, 0x0000000100000000)
  region size 1024K, 0 young (0K), 0 survivors (0K)
 Metaspace       used 77824K, committed 78528K, reserved 1179648K
  class space    used 10734K, committed 11008K, reserved 1048576K
}
Event: 26269.261 GC heap before
{Heap before GC invocations=1431 (full 612):
 garbage-first heap   total 314368K, used 99234K [0x00000000c0000000, 0x0000000100000000)
  region size 1024K, 1 young (1024K), 0 survivors (0K)
 Metaspace       used 77834K, committed 78528K, reserved 1179648K
  class space    used 10736K, committed 11008K, reserved 1048576K
}
Event: 26269.369 GC heap after
{Heap after GC invocations=1432 (full 613):
 garbage-first heap   total 314368K, used 99247K [0x00000000c0000000, 0x0000000100000000)
  region size 1024K, 0 young (0K), 0 survivors (0K)
 Metaspace       used 77834K, committed 78528K, reserved 1179648K
  class space    used 10736K, committed 11008K, reserved 1048576K
}
Event: 26279.516 GC heap before
{Heap before GC invocations=1432 (full 613):
 garbage-first heap   total 314368K, used 99247K [0x00000000c0000000, 0x0000000100000000)
  region size 1024K, 1 young (1024K), 0 survivors (0K)
 Metaspace       used 77834K, committed 78528K, reserved 1179648K
  class space    used 10736K, committed 11008K, reserved 1048576K
}
Event: 26279.574 GC heap after
{Heap after GC invocations=1433 (full 614):
 garbage-first heap   total 314368K, used 99247K [0x00000000c0000000, 0x0000000100000000)
  region size 1024K, 0 young (0K), 0 survivors (0K)
 Metaspace       used 77834K, committed 78528K, reserved 1179648K
  class space    used 10736K, committed 11008K, reserved 1048576K
}
Event: 26289.939 GC heap before
{Heap before GC invocations=1433 (full 614):
 garbage-first heap   total 314368K, used 99247K [0x00000000c0000000, 0x0000000100000000)
  region size 1024K, 1 young (1024K), 0 survivors (0K)
 Metaspace       used 77834K, committed 78528K, reserved 1179648K
  class space    used 10736K, committed 11008K, reserved 1048576K
}
Event: 26290.007 GC heap after
{Heap after GC invocations=1434 (full 615):
 garbage-first heap   total 314368K, used 99247K [0x00000000c0000000, 0x0000000100000000)
  region size 1024K, 0 young (0K), 0 survivors (0K)
 Metaspace       used 77834K, committed 78528K, reserved 1179648K
  class space    used 10736K, committed 11008K, reserved 1048576K
}
Event: 26300.283 GC heap before
{Heap before GC invocations=1434 (full 615):
 garbage-first heap   total 314368K, used 99247K [0x00000000c0000000, 0x0000000100000000)
  region size 1024K, 1 young (1024K), 0 survivors (0K)
 Metaspace       used 77834K, committed 78528K, reserved 1179648K
  class space    used 10736K, committed 11008K, reserved 1048576K
}
Event: 26300.339 GC heap after
{Heap after GC invocations=1435 (full 616):
 garbage-first heap   total 314368K, used 99247K [0x00000000c0000000, 0x0000000100000000)
  region size 1024K, 0 young (0K), 0 survivors (0K)
 Metaspace       used 77834K, committed 78528K, reserved 1179648K
  class space    used 10736K, committed 11008K, reserved 1048576K
}
Event: 26310.656 GC heap before
{Heap before GC invocations=1435 (full 616):
 garbage-first heap   total 314368K, used 99247K [0x00000000c0000000, 0x0000000100000000)
  region size 1024K, 1 young (1024K), 0 survivors (0K)
 Metaspace       used 77834K, committed 78528K, reserved 1179648K
  class space    used 10736K, committed 11008K, reserved 1048576K
}
Event: 26310.711 GC heap after
{Heap after GC invocations=1436 (full 617):
 garbage-first heap   total 314368K, used 99247K [0x00000000c0000000, 0x0000000100000000)
  region size 1024K, 0 young (0K), 0 survivors (0K)
 Metaspace       used 77834K, committed 78528K, reserved 1179648K
  class space    used 10736K, committed 11008K, reserved 1048576K
}
Event: 26320.805 GC heap before
{Heap before GC invocations=1436 (full 617):
 garbage-first heap   total 314368K, used 99247K [0x00000000c0000000, 0x0000000100000000)
  region size 1024K, 1 young (1024K), 0 survivors (0K)
 Metaspace       used 77834K, committed 78528K, reserved 1179648K
  class space    used 10736K, committed 11008K, reserved 1048576K
}
Event: 26320.869 GC heap after
{Heap after GC invocations=1437 (full 618):
 garbage-first heap   total 314368K, used 99247K [0x00000000c0000000, 0x0000000100000000)
  region size 1024K, 0 young (0K), 0 survivors (0K)
 Metaspace       used 77834K, committed 78528K, reserved 1179648K
  class space    used 10736K, committed 11008K, reserved 1048576K
}
Event: 26330.970 GC heap before
{Heap before GC invocations=1437 (full 618):
 garbage-first heap   total 314368K, used 99247K [0x00000000c0000000, 0x0000000100000000)
  region size 1024K, 1 young (1024K), 0 survivors (0K)
 Metaspace       used 77834K, committed 78528K, reserved 1179648K
  class space    used 10736K, committed 11008K, reserved 1048576K
}
Event: 26331.045 GC heap after
{Heap after GC invocations=1438 (full 619):
 garbage-first heap   total 314368K, used 99247K [0x00000000c0000000, 0x0000000100000000)
  region size 1024K, 0 young (0K), 0 survivors (0K)
 Metaspace       used 77834K, committed 78528K, reserved 1179648K
  class space    used 10736K, committed 11008K, reserved 1048576K
}
Event: 26341.166 GC heap before
{Heap before GC invocations=1438 (full 619):
 garbage-first heap   total 314368K, used 99247K [0x00000000c0000000, 0x0000000100000000)
  region size 1024K, 1 young (1024K), 0 survivors (0K)
 Metaspace       used 77834K, committed 78528K, reserved 1179648K
  class space    used 10736K, committed 11008K, reserved 1048576K
}
Event: 26341.249 GC heap after
{Heap after GC invocations=1439 (full 620):
 garbage-first heap   total 314368K, used 99247K [0x00000000c0000000, 0x0000000100000000)
  region size 1024K, 0 young (0K), 0 survivors (0K)
 Metaspace       used 77834K, committed 78528K, reserved 1179648K
  class space    used 10736K, committed 11008K, reserved 1048576K
}

