# JRE version: OpenJDK Runtime Environment Temurin-17.0.7+7 (17.0.7+7) (build 17.0.7+7)
# Java VM: OpenJDK 64-Bit Server VM Temurin-17.0.7+7 (17.0.7+7, mixed mode, emulated-client, tiered, compressed oops, compressed class ptrs, g1 gc, windows-amd64)
GC Precious Log:
 CPUs: 12 total, 12 available
 Memory: 8013M
 Large Page Support: Disabled
 NUMA Support: Disabled
 Compressed Oops: Enabled (32-bit)
 Heap Region Size: 1M
 Heap Min Capacity: 8M
 Heap Initial Capacity: 126M
 Heap Max Capacity: 1G
 Pre-touch: Disabled
 Parallel Workers: 10
 Concurrent Workers: 3
 Concurrent Refinement Workers: 10
 Periodic GC: Disabled
Heap:
 garbage-first heap   total 286720K, used 84345K [0x00000000c0000000, 0x0000000100000000)
  region size 1024K, 1 young (1024K), 0 survivors (0K)
 Metaspace       used 76748K, committed 77824K, reserved 1179648K
  class space    used 10522K, committed 10944K, reserved 1048576K
GC Heap History (20 events):
Event: 1917.248 GC heap before
{Heap before GC invocations=252 (full 174):
 garbage-first heap   total 286720K, used 84345K [0x00000000c0000000, 0x0000000100000000)
  region size 1024K, 1 young (1024K), 0 survivors (0K)
 Metaspace       used 76748K, committed 77824K, reserved 1179648K
  class space    used 10522K, committed 10944K, reserved 1048576K
}
Event: 1917.287 GC heap after
{Heap after GC invocations=253 (full 175):
 garbage-first heap   total 286720K, used 84345K [0x00000000c0000000, 0x0000000100000000)
  region size 1024K, 0 young (0K), 0 survivors (0K)
 Metaspace       used 76748K, committed 77824K, reserved 1179648K
  class space    used 10522K, committed 10944K, reserved 1048576K
}
Event: 1927.591 GC heap before
{Heap before GC invocations=253 (full 175):
 garbage-first heap   total 286720K, used 84345K [0x00000000c0000000, 0x0000000100000000)
  region size 1024K, 1 young (1024K), 0 survivors (0K)
 Metaspace       used 76748K, committed 77824K, reserved 1179648K
  class space    used 10522K, committed 10944K, reserved 1048576K
}
Event: 1927.663 GC heap after
{Heap after GC invocations=254 (full 176):
 garbage-first heap   total 286720K, used 84345K [0x00000000c0000000, 0x0000000100000000)
  region size 1024K, 0 young (0K), 0 survivors (0K)
 Metaspace       used 76748K, committed 77824K, reserved 1179648K
  class space    used 10522K, committed 10944K, reserved 1048576K
}
Event: 1938.057 GC heap before
{Heap before GC invocations=254 (full 176):
 garbage-first heap   total 286720K, used 84345K [0x00000000c0000000, 0x0000000100000000)
  region size 1024K, 1 young (1024K), 0 survivors (0K)
 Metaspace       used 76748K, committed 77824K, reserved 1179648K
  class space    used 10522K, committed 10944K, reserved 1048576K
}
Event: 1938.171 GC heap after
{Heap after GC invocations=255 (full 177):
 garbage-first heap   total 286720K, used 84345K [0x00000000c0000000, 0x0000000100000000)
  region size 1024K, 0 young (0K), 0 survivors (0K)
 Metaspace       used 76748K, committed 77824K, reserved 1179648K
  class space    used 10522K, committed 10944K, reserved 1048576K
}
Event: 1948.273 GC heap before
{Heap before GC invocations=255 (full 177):
 garbage-first heap   total 286720K, used 84345K [0x00000000c0000000, 0x0000000100000000)
  region size 1024K, 1 young (1024K), 0 survivors (0K)
 Metaspace       used 76748K, committed 77824K, reserved 1179648K
  class space    used 10522K, committed 10944K, reserved 1048576K
}
Event: 1948.315 GC heap after
{Heap after GC invocations=256 (full 178):
 garbage-first heap   total 286720K, used 84345K [0x00000000c0000000, 0x0000000100000000)
  region size 1024K, 0 young (0K), 0 survivors (0K)
 Metaspace       used 76748K, committed 77824K, reserved 1179648K
  class space    used 10522K, committed 10944K, reserved 1048576K
}
Event: 1958.417 GC heap before
{Heap before GC invocations=256 (full 178):
 garbage-first heap   total 286720K, used 84345K [0x00000000c0000000, 0x0000000100000000)
  region size 1024K, 1 young (1024K), 0 survivors (0K)
 Metaspace       used 76748K, committed 77824K, reserved 1179648K
  class space    used 10522K, committed 10944K, reserved 1048576K
}
Event: 1958.459 GC heap after
{Heap after GC invocations=257 (full 179):
 garbage-first heap   total 286720K, used 84345K [0x00000000c0000000, 0x0000000100000000)
  region size 1024K, 0 young (0K), 0 survivors (0K)
 Metaspace       used 76748K, committed 77824K, reserved 1179648K
  class space    used 10522K, committed 10944K, reserved 1048576K
}
Event: 1968.702 GC heap before
{Heap before GC invocations=257 (full 179):
 garbage-first heap   total 286720K, used 84345K [0x00000000c0000000, 0x0000000100000000)
  region size 1024K, 1 young (1024K), 0 survivors (0K)
 Metaspace       used 76748K, committed 77824K, reserved 1179648K
  class space    used 10522K, committed 10944K, reserved 1048576K
}
Event: 1968.744 GC heap after
{Heap after GC invocations=258 (full 180):
 garbage-first heap   total 286720K, used 84345K [0x00000000c0000000, 0x0000000100000000)
  region size 1024K, 0 young (0K), 0 survivors (0K)
 Metaspace       used 76748K, committed 77824K, reserved 1179648K
  class space    used 10522K, committed 10944K, reserved 1048576K
}
Event: 1978.856 GC heap before
{Heap before GC invocations=258 (full 180):
 garbage-first heap   total 286720K, used 84345K [0x00000000c0000000, 0x0000000100000000)
  region size 1024K, 1 young (1024K), 0 survivors (0K)
 Metaspace       used 76748K, committed 77824K, reserved 1179648K
  class space    used 10522K, committed 10944K, reserved 1048576K
}
Event: 1978.895 GC heap after
{Heap after GC invocations=259 (full 181):
 garbage-first heap   total 286720K, used 84345K [0x00000000c0000000, 0x0000000100000000)
  region size 1024K, 0 young (0K), 0 survivors (0K)
 Metaspace       used 76748K, committed 77824K, reserved 1179648K
  class space    used 10522K, committed 10944K, reserved 1048576K
}
Event: 1989.013 GC heap before
{Heap before GC invocations=259 (full 181):
 garbage-first heap   total 286720K, used 84345K [0x00000000c0000000, 0x0000000100000000)
  region size 1024K, 1 young (1024K), 0 survivors (0K)
 Metaspace       used 76748K, committed 77824K, reserved 1179648K
  class space    used 10522K, committed 10944K, reserved 1048576K
}
Event: 1989.063 GC heap after
{Heap after GC invocations=260 (full 182):
 garbage-first heap   total 286720K, used 84345K [0x00000000c0000000, 0x0000000100000000)
  region size 1024K, 0 young (0K), 0 survivors (0K)
 Metaspace       used 76748K, committed 77824K, reserved 1179648K
  class space    used 10522K, committed 10944K, reserved 1048576K
}
Event: 1999.460 GC heap before
{Heap before GC invocations=260 (full 182):
 garbage-first heap   total 286720K, used 84345K [0x00000000c0000000, 0x0000000100000000)
  region size 1024K, 1 young (1024K), 0 survivors (0K)
 Metaspace       used 76748K, committed 77824K, reserved 1179648K
  class space    used 10522K, committed 10944K, reserved 1048576K
}
Event: 1999.507 GC heap after
{Heap after GC invocations=261 (full 183):
 garbage-first heap   total 286720K, used 84345K [0x00000000c0000000, 0x0000000100000000)
  region size 1024K, 0 young (0K), 0 survivors (0K)
 Metaspace       used 76748K, committed 77824K, reserved 1179648K
  class space    used 10522K, committed 10944K, reserved 1048576K
}
Event: 2009.646 GC heap before
{Heap before GC invocations=261 (full 183):
 garbage-first heap   total 286720K, used 84345K [0x00000000c0000000, 0x0000000100000000)
  region size 1024K, 1 young (1024K), 0 survivors (0K)
 Metaspace       used 76748K, committed 77824K, reserved 1179648K
  class space    used 10522K, committed 10944K, reserved 1048576K
}
Event: 2009.695 GC heap after
{Heap after GC invocations=262 (full 184):
 garbage-first heap   total 286720K, used 84345K [0x00000000c0000000, 0x0000000100000000)
  region size 1024K, 0 young (0K), 0 survivors (0K)
 Metaspace       used 76748K, committed 77824K, reserved 1179648K
  class space    used 10522K, committed 10944K, reserved 1048576K
}

