# JRE version: OpenJDK Runtime Environment Temurin-17.0.7+7 (17.0.7+7) (build 17.0.7+7)
# Java VM: OpenJDK 64-Bit Server VM Temurin-17.0.7+7 (17.0.7+7, mixed mode, emulated-client, tiered, compressed oops, compressed class ptrs, g1 gc, windows-amd64)
GC Precious Log:
 CPUs: 12 total, 12 available
 Memory: 8013M
 Large Page Support: Disabled
 NUMA Support: Disabled
 Compressed Oops: Enabled (32-bit)
 Heap Region Size: 1M
 Heap Min Capacity: 8M
 Heap Initial Capacity: 126M
 Heap Max Capacity: 1G
 Pre-touch: Disabled
 Parallel Workers: 10
 Concurrent Workers: 3
 Concurrent Refinement Workers: 10
 Periodic GC: Disabled
Heap:
 garbage-first heap   total 58368K, used 17323K [0x00000000c0000000, 0x0000000100000000)
  region size 1024K, 1 young (1024K), 0 survivors (0K)
 Metaspace       used 37596K, committed 37952K, reserved 1114112K
  class space    used 4894K, committed 5056K, reserved 1048576K
GC Heap History (20 events):
Event: 1679.329 GC heap before
{Heap before GC invocations=43 (full 33):
 garbage-first heap   total 58368K, used 17323K [0x00000000c0000000, 0x0000000100000000)
  region size 1024K, 1 young (1024K), 0 survivors (0K)
 Metaspace       used 37596K, committed 37952K, reserved 1114112K
  class space    used 4894K, committed 5056K, reserved 1048576K
}
Event: 1679.342 GC heap after
{Heap after GC invocations=44 (full 34):
 garbage-first heap   total 58368K, used 17323K [0x00000000c0000000, 0x0000000100000000)
  region size 1024K, 0 young (0K), 0 survivors (0K)
 Metaspace       used 37596K, committed 37952K, reserved 1114112K
  class space    used 4894K, committed 5056K, reserved 1048576K
}
Event: 1689.444 GC heap before
{Heap before GC invocations=44 (full 34):
 garbage-first heap   total 58368K, used 17323K [0x00000000c0000000, 0x0000000100000000)
  region size 1024K, 1 young (1024K), 0 survivors (0K)
 Metaspace       used 37596K, committed 37952K, reserved 1114112K
  class space    used 4894K, committed 5056K, reserved 1048576K
}
Event: 1689.457 GC heap after
{Heap after GC invocations=45 (full 35):
 garbage-first heap   total 58368K, used 17323K [0x00000000c0000000, 0x0000000100000000)
  region size 1024K, 0 young (0K), 0 survivors (0K)
 Metaspace       used 37596K, committed 37952K, reserved 1114112K
  class space    used 4894K, committed 5056K, reserved 1048576K
}
Event: 1699.549 GC heap before
{Heap before GC invocations=45 (full 35):
 garbage-first heap   total 58368K, used 17323K [0x00000000c0000000, 0x0000000100000000)
  region size 1024K, 1 young (1024K), 0 survivors (0K)
 Metaspace       used 37596K, committed 37952K, reserved 1114112K
  class space    used 4894K, committed 5056K, reserved 1048576K
}
Event: 1699.562 GC heap after
{Heap after GC invocations=46 (full 36):
 garbage-first heap   total 58368K, used 17323K [0x00000000c0000000, 0x0000000100000000)
  region size 1024K, 0 young (0K), 0 survivors (0K)
 Metaspace       used 37596K, committed 37952K, reserved 1114112K
  class space    used 4894K, committed 5056K, reserved 1048576K
}
Event: 1709.662 GC heap before
{Heap before GC invocations=46 (full 36):
 garbage-first heap   total 58368K, used 17323K [0x00000000c0000000, 0x0000000100000000)
  region size 1024K, 1 young (1024K), 0 survivors (0K)
 Metaspace       used 37596K, committed 37952K, reserved 1114112K
  class space    used 4894K, committed 5056K, reserved 1048576K
}
Event: 1709.675 GC heap after
{Heap after GC invocations=47 (full 37):
 garbage-first heap   total 58368K, used 17323K [0x00000000c0000000, 0x0000000100000000)
  region size 1024K, 0 young (0K), 0 survivors (0K)
 Metaspace       used 37596K, committed 37952K, reserved 1114112K
  class space    used 4894K, committed 5056K, reserved 1048576K
}
Event: 1719.764 GC heap before
{Heap before GC invocations=47 (full 37):
 garbage-first heap   total 58368K, used 17323K [0x00000000c0000000, 0x0000000100000000)
  region size 1024K, 1 young (1024K), 0 survivors (0K)
 Metaspace       used 37596K, committed 37952K, reserved 1114112K
  class space    used 4894K, committed 5056K, reserved 1048576K
}
Event: 1719.777 GC heap after
{Heap after GC invocations=48 (full 38):
 garbage-first heap   total 58368K, used 17323K [0x00000000c0000000, 0x0000000100000000)
  region size 1024K, 0 young (0K), 0 survivors (0K)
 Metaspace       used 37596K, committed 37952K, reserved 1114112K
  class space    used 4894K, committed 5056K, reserved 1048576K
}
Event: 1729.873 GC heap before
{Heap before GC invocations=48 (full 38):
 garbage-first heap   total 58368K, used 17323K [0x00000000c0000000, 0x0000000100000000)
  region size 1024K, 1 young (1024K), 0 survivors (0K)
 Metaspace       used 37596K, committed 37952K, reserved 1114112K
  class space    used 4894K, committed 5056K, reserved 1048576K
}
Event: 1729.886 GC heap after
{Heap after GC invocations=49 (full 39):
 garbage-first heap   total 58368K, used 17323K [0x00000000c0000000, 0x0000000100000000)
  region size 1024K, 0 young (0K), 0 survivors (0K)
 Metaspace       used 37596K, committed 37952K, reserved 1114112K
  class space    used 4894K, committed 5056K, reserved 1048576K
}
Event: 1739.974 GC heap before
{Heap before GC invocations=49 (full 39):
 garbage-first heap   total 58368K, used 17323K [0x00000000c0000000, 0x0000000100000000)
  region size 1024K, 1 young (1024K), 0 survivors (0K)
 Metaspace       used 37596K, committed 37952K, reserved 1114112K
  class space    used 4894K, committed 5056K, reserved 1048576K
}
Event: 1739.987 GC heap after
{Heap after GC invocations=50 (full 40):
 garbage-first heap   total 58368K, used 17323K [0x00000000c0000000, 0x0000000100000000)
  region size 1024K, 0 young (0K), 0 survivors (0K)
 Metaspace       used 37596K, committed 37952K, reserved 1114112K
  class space    used 4894K, committed 5056K, reserved 1048576K
}
Event: 1750.088 GC heap before
{Heap before GC invocations=50 (full 40):
 garbage-first heap   total 58368K, used 17323K [0x00000000c0000000, 0x0000000100000000)
  region size 1024K, 1 young (1024K), 0 survivors (0K)
 Metaspace       used 37596K, committed 37952K, reserved 1114112K
  class space    used 4894K, committed 5056K, reserved 1048576K
}
Event: 1750.101 GC heap after
{Heap after GC invocations=51 (full 41):
 garbage-first heap   total 58368K, used 17323K [0x00000000c0000000, 0x0000000100000000)
  region size 1024K, 0 young (0K), 0 survivors (0K)
 Metaspace       used 37596K, committed 37952K, reserved 1114112K
  class space    used 4894K, committed 5056K, reserved 1048576K
}
Event: 1760.200 GC heap before
{Heap before GC invocations=51 (full 41):
 garbage-first heap   total 58368K, used 17323K [0x00000000c0000000, 0x0000000100000000)
  region size 1024K, 1 young (1024K), 0 survivors (0K)
 Metaspace       used 37596K, committed 37952K, reserved 1114112K
  class space    used 4894K, committed 5056K, reserved 1048576K
}
Event: 1760.213 GC heap after
{Heap after GC invocations=52 (full 42):
 garbage-first heap   total 58368K, used 17323K [0x00000000c0000000, 0x0000000100000000)
  region size 1024K, 0 young (0K), 0 survivors (0K)
 Metaspace       used 37596K, committed 37952K, reserved 1114112K
  class space    used 4894K, committed 5056K, reserved 1048576K
}
Event: 1770.307 GC heap before
{Heap before GC invocations=52 (full 42):
 garbage-first heap   total 58368K, used 17323K [0x00000000c0000000, 0x0000000100000000)
  region size 1024K, 1 young (1024K), 0 survivors (0K)
 Metaspace       used 37596K, committed 37952K, reserved 1114112K
  class space    used 4894K, committed 5056K, reserved 1048576K
}
Event: 1770.320 GC heap after
{Heap after GC invocations=53 (full 43):
 garbage-first heap   total 58368K, used 17323K [0x00000000c0000000, 0x0000000100000000)
  region size 1024K, 0 young (0K), 0 survivors (0K)
 Metaspace       used 37596K, committed 37952K, reserved 1114112K
  class space    used 4894K, committed 5056K, reserved 1048576K
}

